<?xml version="1.0" encoding="UTF-8"?>
<testng-results ignored="0" total="1" passed="1" failed="0" skipped="0">
  <reporter-output>
  </reporter-output>
  <suite started-at="2022-03-17T15:28:37 EDT" name="Default suite" finished-at="2022-03-17T15:28:45 EDT" duration-ms="8015">
    <groups>
    </groups>
    <test started-at="2022-03-17T15:28:37 EDT" name="Default test" finished-at="2022-03-17T15:28:45 EDT" duration-ms="8015">
      <class name="com.qa.tests.SiblingAndParentInXpath">
        <test-method signature="testSiblingAndParentInXpath()[pri:0, instance:com.qa.tests.SiblingAndParentInXpath@53aac487]" started-at="2022-03-17T15:28:37 EDT" name="testSiblingAndParentInXpath" finished-at="2022-03-17T15:28:45 EDT" duration-ms="7983" status="PASS">
          <reporter-output>
          </reporter-output>
        </test-method> <!-- testSiblingAndParentInXpath -->
      </class> <!-- com.qa.tests.SiblingAndParentInXpath -->
    </test> <!-- Default test -->
  </suite> <!-- Default suite -->
</testng-results>
